# JRE version: OpenJDK Runtime Environment Temurin-21.0.11+10 (21.0.11+10) (build 21.0.11+10-LTS)
# Java VM: OpenJDK 64-Bit Server VM Temurin-21.0.11+10 (21.0.11+10-LTS, mixed mode, sharing, tiered, compressed oops, compressed class ptrs, parallel gc, windows-amd64)
GC Precious Log:
 CardTable entry size: 512
 CPUs: 16 total, 16 available
 Memory: 8010M
 Large Page Support: Disabled
 NUMA Support: Disabled
 Compressed Oops: Enabled (32-bit)
 Alignments: Space 512K, Generation 512K, Heap 2M
 Heap Min Capacity: 100M
 Heap Initial Capacity: 100M
 Heap Max Capacity: 2G
 Pre-touch: Disabled
 Parallel Workers: 13
Heap:
 PSYoungGen      total 16384K, used 16145K [0x00000000d5580000, 0x00000000d6680000, 0x0000000100000000)
  eden space 15360K, 99% used [0x00000000d5580000,0x00000000d6468708,0x00000000d6480000)
  from space 1024K, 85% used [0x00000000d6480000,0x00000000d655c010,0x00000000d6580000)
  to   space 1024K, 0% used [0x00000000d6580000,0x00000000d6580000,0x00000000d6680000)
 ParOldGen       total 68608K, used 59779K [0x0000000080000000, 0x0000000084300000, 0x00000000d5580000)
  object space 68608K, 87% used [0x0000000080000000,0x0000000083a60ff8,0x0000000084300000)
 Metaspace       used 69651K, committed 71168K, reserved 1114112K
  class space    used 7488K, committed 8128K, reserved 1048576K
GC Heap History (20 events):
Event: 84.265 GC heap before
{Heap before GC invocations=51 (full 3):
 PSYoungGen      total 17408K, used 16979K [0x00000000d5580000, 0x00000000d6800000, 0x0000000100000000)
  eden space 15872K, 100% used [0x00000000d5580000,0x00000000d6500000,0x00000000d6500000)
  from space 1536K, 72% used [0x00000000d6500000,0x00000000d6614f28,0x00000000d6680000)
  to   space 1536K, 0% used [0x00000000d6680000,0x00000000d6680000,0x00000000d6800000)
 ParOldGen       total 68608K, used 54446K [0x0000000080000000, 0x0000000084300000, 0x00000000d5580000)
  object space 68608K, 79% used [0x0000000080000000,0x000000008352ba98,0x0000000084300000)
 Metaspace       used 68096K, committed 69632K, reserved 1114112K
  class space    used 7355K, committed 8000K, reserved 1048576K
}
Event: 84.270 GC heap after
{Heap after GC invocations=51 (full 3):
 PSYoungGen      total 16896K, used 806K [0x00000000d5580000, 0x00000000d6780000, 0x0000000100000000)
  eden space 15872K, 0% used [0x00000000d5580000,0x00000000d5580000,0x00000000d6500000)
  from space 1024K, 78% used [0x00000000d6680000,0x00000000d6749ab8,0x00000000d6780000)
  to   space 1024K, 0% used [0x00000000d6580000,0x00000000d6580000,0x00000000d6680000)
 ParOldGen       total 68608K, used 55295K [0x0000000080000000, 0x0000000084300000, 0x00000000d5580000)
  object space 68608K, 80% used [0x0000000080000000,0x00000000835ffd00,0x0000000084300000)
 Metaspace       used 68096K, committed 69632K, reserved 1114112K
  class space    used 7355K, committed 8000K, reserved 1048576K
}
Event: 84.426 GC heap before
{Heap before GC invocations=52 (full 3):
 PSYoungGen      total 16896K, used 16678K [0x00000000d5580000, 0x00000000d6780000, 0x0000000100000000)
  eden space 15872K, 100% used [0x00000000d5580000,0x00000000d6500000,0x00000000d6500000)
  from space 1024K, 78% used [0x00000000d6680000,0x00000000d6749ab8,0x00000000d6780000)
  to   space 1024K, 0% used [0x00000000d6580000,0x00000000d6580000,0x00000000d6680000)
 ParOldGen       total 68608K, used 55295K [0x0000000080000000, 0x0000000084300000, 0x00000000d5580000)
  object space 68608K, 80% used [0x0000000080000000,0x00000000835ffd00,0x0000000084300000)
 Metaspace       used 68096K, committed 69632K, reserved 1114112K
  class space    used 7355K, committed 8000K, reserved 1048576K
}
Event: 84.429 GC heap after
{Heap after GC invocations=52 (full 3):
 PSYoungGen      total 16896K, used 816K [0x00000000d5580000, 0x00000000d6700000, 0x0000000100000000)
  eden space 15872K, 0% used [0x00000000d5580000,0x00000000d5580000,0x00000000d6500000)
  from space 1024K, 79% used [0x00000000d6580000,0x00000000d664c0e8,0x00000000d6680000)
  to   space 512K, 0% used [0x00000000d6680000,0x00000000d6680000,0x00000000d6700000)
 ParOldGen       total 68608K, used 55789K [0x0000000080000000, 0x0000000084300000, 0x00000000d5580000)
  object space 68608K, 81% used [0x0000000080000000,0x000000008367b738,0x0000000084300000)
 Metaspace       used 68096K, committed 69632K, reserved 1114112K
  class space    used 7355K, committed 8000K, reserved 1048576K
}
Event: 84.562 GC heap before
{Heap before GC invocations=53 (full 3):
 PSYoungGen      total 16896K, used 16688K [0x00000000d5580000, 0x00000000d6700000, 0x0000000100000000)
  eden space 15872K, 100% used [0x00000000d5580000,0x00000000d6500000,0x00000000d6500000)
  from space 1024K, 79% used [0x00000000d6580000,0x00000000d664c0e8,0x00000000d6680000)
  to   space 512K, 0% used [0x00000000d6680000,0x00000000d6680000,0x00000000d6700000)
 ParOldGen       total 68608K, used 55789K [0x0000000080000000, 0x0000000084300000, 0x00000000d5580000)
  object space 68608K, 81% used [0x0000000080000000,0x000000008367b738,0x0000000084300000)
 Metaspace       used 68119K, committed 69632K, reserved 1114112K
  class space    used 7357K, committed 8000K, reserved 1048576K
}
Event: 84.565 GC heap after
{Heap after GC invocations=53 (full 3):
 PSYoungGen      total 16384K, used 504K [0x00000000d5580000, 0x00000000d6800000, 0x0000000100000000)
  eden space 15872K, 0% used [0x00000000d5580000,0x00000000d5580000,0x00000000d6500000)
  from space 512K, 98% used [0x00000000d6680000,0x00000000d66fe280,0x00000000d6700000)
  to   space 1536K, 0% used [0x00000000d6500000,0x00000000d6500000,0x00000000d6680000)
 ParOldGen       total 68608K, used 56388K [0x0000000080000000, 0x0000000084300000, 0x00000000d5580000)
  object space 68608K, 82% used [0x0000000080000000,0x0000000083711150,0x0000000084300000)
 Metaspace       used 68119K, committed 69632K, reserved 1114112K
  class space    used 7357K, committed 8000K, reserved 1048576K
}
Event: 84.680 GC heap before
{Heap before GC invocations=54 (full 3):
 PSYoungGen      total 16384K, used 16376K [0x00000000d5580000, 0x00000000d6800000, 0x0000000100000000)
  eden space 15872K, 100% used [0x00000000d5580000,0x00000000d6500000,0x00000000d6500000)
  from space 512K, 98% used [0x00000000d6680000,0x00000000d66fe280,0x00000000d6700000)
  to   space 1536K, 0% used [0x00000000d6500000,0x00000000d6500000,0x00000000d6680000)
 ParOldGen       total 68608K, used 56388K [0x0000000080000000, 0x0000000084300000, 0x00000000d5580000)
  object space 68608K, 82% used [0x0000000080000000,0x0000000083711150,0x0000000084300000)
 Metaspace       used 68120K, committed 69632K, reserved 1114112K
  class space    used 7357K, committed 8000K, reserved 1048576K
}
Event: 84.685 GC heap after
{Heap after GC invocations=54 (full 3):
 PSYoungGen      total 16896K, used 608K [0x00000000d5580000, 0x00000000d6700000, 0x0000000100000000)
  eden space 15872K, 0% used [0x00000000d5580000,0x00000000d5580000,0x00000000d6500000)
  from space 1024K, 59% used [0x00000000d6500000,0x00000000d6598000,0x00000000d6600000)
  to   space 1024K, 0% used [0x00000000d6600000,0x00000000d6600000,0x00000000d6700000)
 ParOldGen       total 68608K, used 56822K [0x0000000080000000, 0x0000000084300000, 0x00000000d5580000)
  object space 68608K, 82% used [0x0000000080000000,0x000000008377d9a8,0x0000000084300000)
 Metaspace       used 68120K, committed 69632K, reserved 1114112K
  class space    used 7357K, committed 8000K, reserved 1048576K
}
Event: 84.803 GC heap before
{Heap before GC invocations=55 (full 3):
 PSYoungGen      total 16896K, used 16480K [0x00000000d5580000, 0x00000000d6700000, 0x0000000100000000)
  eden space 15872K, 100% used [0x00000000d5580000,0x00000000d6500000,0x00000000d6500000)
  from space 1024K, 59% used [0x00000000d6500000,0x00000000d6598000,0x00000000d6600000)
  to   space 1024K, 0% used [0x00000000d6600000,0x00000000d6600000,0x00000000d6700000)
 ParOldGen       total 68608K, used 56822K [0x0000000080000000, 0x0000000084300000, 0x00000000d5580000)
  object space 68608K, 82% used [0x0000000080000000,0x000000008377d9a8,0x0000000084300000)
 Metaspace       used 68125K, committed 69632K, reserved 1114112K
  class space    used 7357K, committed 8000K, reserved 1048576K
}
Event: 84.806 GC heap after
{Heap after GC invocations=55 (full 3):
 PSYoungGen      total 16896K, used 640K [0x00000000d5580000, 0x00000000d6700000, 0x0000000100000000)
  eden space 15872K, 0% used [0x00000000d5580000,0x00000000d5580000,0x00000000d6500000)
  from space 1024K, 62% used [0x00000000d6600000,0x00000000d66a0000,0x00000000d6700000)
  to   space 1024K, 0% used [0x00000000d6500000,0x00000000d6500000,0x00000000d6600000)
 ParOldGen       total 68608K, used 57190K [0x0000000080000000, 0x0000000084300000, 0x00000000d5580000)
  object space 68608K, 83% used [0x0000000080000000,0x00000000837d99a8,0x0000000084300000)
 Metaspace       used 68125K, committed 69632K, reserved 1114112K
  class space    used 7357K, committed 8000K, reserved 1048576K
}
Event: 84.906 GC heap before
{Heap before GC invocations=56 (full 3):
 PSYoungGen      total 16896K, used 16512K [0x00000000d5580000, 0x00000000d6700000, 0x0000000100000000)
  eden space 15872K, 100% used [0x00000000d5580000,0x00000000d6500000,0x00000000d6500000)
  from space 1024K, 62% used [0x00000000d6600000,0x00000000d66a0000,0x00000000d6700000)
  to   space 1024K, 0% used [0x00000000d6500000,0x00000000d6500000,0x00000000d6600000)
 ParOldGen       total 68608K, used 57190K [0x0000000080000000, 0x0000000084300000, 0x00000000d5580000)
  object space 68608K, 83% used [0x0000000080000000,0x00000000837d99a8,0x0000000084300000)
 Metaspace       used 68138K, committed 69632K, reserved 1114112K
  class space    used 7357K, committed 8000K, reserved 1048576K
}
Event: 84.909 GC heap after
{Heap after GC invocations=56 (full 3):
 PSYoungGen      total 16896K, used 544K [0x00000000d5580000, 0x00000000d6700000, 0x0000000100000000)
  eden space 15872K, 0% used [0x00000000d5580000,0x00000000d5580000,0x00000000d6500000)
  from space 1024K, 53% used [0x00000000d6500000,0x00000000d6588000,0x00000000d6600000)
  to   space 1024K, 0% used [0x00000000d6600000,0x00000000d6600000,0x00000000d6700000)
 ParOldGen       total 68608K, used 57558K [0x0000000080000000, 0x0000000084300000, 0x00000000d5580000)
  object space 68608K, 83% used [0x0000000080000000,0x00000000838359a8,0x0000000084300000)
 Metaspace       used 68138K, committed 69632K, reserved 1114112K
  class space    used 7357K, committed 8000K, reserved 1048576K
}
Event: 85.056 GC heap before
{Heap before GC invocations=57 (full 3):
 PSYoungGen      total 16896K, used 16416K [0x00000000d5580000, 0x00000000d6700000, 0x0000000100000000)
  eden space 15872K, 100% used [0x00000000d5580000,0x00000000d6500000,0x00000000d6500000)
  from space 1024K, 53% used [0x00000000d6500000,0x00000000d6588000,0x00000000d6600000)
  to   space 1024K, 0% used [0x00000000d6600000,0x00000000d6600000,0x00000000d6700000)
 ParOldGen       total 68608K, used 57558K [0x0000000080000000, 0x0000000084300000, 0x00000000d5580000)
  object space 68608K, 83% used [0x0000000080000000,0x00000000838359a8,0x0000000084300000)
 Metaspace       used 68149K, committed 69632K, reserved 1114112K
  class space    used 7357K, committed 8000K, reserved 1048576K
}
Event: 85.059 GC heap after
{Heap after GC invocations=57 (full 3):
 PSYoungGen      total 16384K, used 992K [0x00000000d5580000, 0x00000000d6800000, 0x0000000100000000)
  eden space 15360K, 0% used [0x00000000d5580000,0x00000000d5580000,0x00000000d6480000)
  from space 1024K, 96% used [0x00000000d6600000,0x00000000d66f80a8,0x00000000d6700000)
  to   space 1536K, 0% used [0x00000000d6480000,0x00000000d6480000,0x00000000d6600000)
 ParOldGen       total 68608K, used 57918K [0x0000000080000000, 0x0000000084300000, 0x00000000d5580000)
  object space 68608K, 84% used [0x0000000080000000,0x000000008388f9a8,0x0000000084300000)
 Metaspace       used 68149K, committed 69632K, reserved 1114112K
  class space    used 7357K, committed 8000K, reserved 1048576K
}
Event: 85.160 GC heap before
{Heap before GC invocations=58 (full 3):
 PSYoungGen      total 16384K, used 16352K [0x00000000d5580000, 0x00000000d6800000, 0x0000000100000000)
  eden space 15360K, 100% used [0x00000000d5580000,0x00000000d6480000,0x00000000d6480000)
  from space 1024K, 96% used [0x00000000d6600000,0x00000000d66f80a8,0x00000000d6700000)
  to   space 1536K, 0% used [0x00000000d6480000,0x00000000d6480000,0x00000000d6600000)
 ParOldGen       total 68608K, used 57918K [0x0000000080000000, 0x0000000084300000, 0x00000000d5580000)
  object space 68608K, 84% used [0x0000000080000000,0x000000008388f9a8,0x0000000084300000)
 Metaspace       used 68149K, committed 69632K, reserved 1114112K
  class space    used 7357K, committed 8000K, reserved 1048576K
}
Event: 85.163 GC heap after
{Heap after GC invocations=58 (full 3):
 PSYoungGen      total 16384K, used 693K [0x00000000d5580000, 0x00000000d6680000, 0x0000000100000000)
  eden space 15360K, 0% used [0x00000000d5580000,0x00000000d5580000,0x00000000d6480000)
  from space 1024K, 67% used [0x00000000d6480000,0x00000000d652d538,0x00000000d6580000)
  to   space 1024K, 0% used [0x00000000d6580000,0x00000000d6580000,0x00000000d6680000)
 ParOldGen       total 68608K, used 58883K [0x0000000080000000, 0x0000000084300000, 0x00000000d5580000)
  object space 68608K, 85% used [0x0000000080000000,0x0000000083980c98,0x0000000084300000)
 Metaspace       used 68149K, committed 69632K, reserved 1114112K
  class space    used 7357K, committed 8000K, reserved 1048576K
}
Event: 85.310 GC heap before
{Heap before GC invocations=59 (full 3):
 PSYoungGen      total 16384K, used 16053K [0x00000000d5580000, 0x00000000d6680000, 0x0000000100000000)
  eden space 15360K, 100% used [0x00000000d5580000,0x00000000d6480000,0x00000000d6480000)
  from space 1024K, 67% used [0x00000000d6480000,0x00000000d652d538,0x00000000d6580000)
  to   space 1024K, 0% used [0x00000000d6580000,0x00000000d6580000,0x00000000d6680000)
 ParOldGen       total 68608K, used 58883K [0x0000000080000000, 0x0000000084300000, 0x00000000d5580000)
  object space 68608K, 85% used [0x0000000080000000,0x0000000083980c98,0x0000000084300000)
 Metaspace       used 68163K, committed 69632K, reserved 1114112K
  class space    used 7357K, committed 8000K, reserved 1048576K
}
Event: 85.314 GC heap after
{Heap after GC invocations=59 (full 3):
 PSYoungGen      total 16384K, used 819K [0x00000000d5580000, 0x00000000d6680000, 0x0000000100000000)
  eden space 15360K, 0% used [0x00000000d5580000,0x00000000d5580000,0x00000000d6480000)
  from space 1024K, 80% used [0x00000000d6580000,0x00000000d664cfe8,0x00000000d6680000)
  to   space 1024K, 0% used [0x00000000d6480000,0x00000000d6480000,0x00000000d6580000)
 ParOldGen       total 68608K, used 59378K [0x0000000080000000, 0x0000000084300000, 0x00000000d5580000)
  object space 68608K, 86% used [0x0000000080000000,0x00000000839fcbf8,0x0000000084300000)
 Metaspace       used 68163K, committed 69632K, reserved 1114112K
  class space    used 7357K, committed 8000K, reserved 1048576K
}
Event: 97.521 GC heap before
{Heap before GC invocations=60 (full 3):
 PSYoungGen      total 16384K, used 16179K [0x00000000d5580000, 0x00000000d6680000, 0x0000000100000000)
  eden space 15360K, 99% used [0x00000000d5580000,0x00000000d647ffc0,0x00000000d6480000)
  from space 1024K, 80% used [0x00000000d6580000,0x00000000d664cfe8,0x00000000d6680000)
  to   space 1024K, 0% used [0x00000000d6480000,0x00000000d6480000,0x00000000d6580000)
 ParOldGen       total 68608K, used 59378K [0x0000000080000000, 0x0000000084300000, 0x00000000d5580000)
  object space 68608K, 86% used [0x0000000080000000,0x00000000839fcbf8,0x0000000084300000)
 Metaspace       used 68715K, committed 70208K, reserved 1114112K
  class space    used 7407K, committed 8064K, reserved 1048576K
}
Event: 97.525 GC heap after
{Heap after GC invocations=60 (full 3):
 PSYoungGen      total 16384K, used 880K [0x00000000d5580000, 0x00000000d6680000, 0x0000000100000000)
  eden space 15360K, 0% used [0x00000000d5580000,0x00000000d5580000,0x00000000d6480000)
  from space 1024K, 85% used [0x00000000d6480000,0x00000000d655c010,0x00000000d6580000)
  to   space 1024K, 0% used [0x00000000d6580000,0x00000000d6580000,0x00000000d6680000)
 ParOldGen       total 68608K, used 59779K [0x0000000080000000, 0x0000000084300000, 0x00000000d5580000)
  object space 68608K, 87% used [0x0000000080000000,0x0000000083a60ff8,0x0000000084300000)
 Metaspace       used 68715K, committed 70208K, reserved 1114112K
  class space    used 7407K, committed 8064K, reserved 1048576K
}

