# JRE version: OpenJDK Runtime Environment Temurin-21.0.11+10 (21.0.11+10) (build 21.0.11+10-LTS)
# Java VM: OpenJDK 64-Bit Server VM Temurin-21.0.11+10 (21.0.11+10-LTS, mixed mode, sharing, tiered, compressed oops, compressed class ptrs, parallel gc, windows-amd64)
GC Precious Log:
 CardTable entry size: 512
 CPUs: 16 total, 16 available
 Memory: 8010M
 Large Page Support: Disabled
 NUMA Support: Disabled
 Compressed Oops: Enabled (32-bit)
 Alignments: Space 512K, Generation 512K, Heap 2M
 Heap Min Capacity: 100M
 Heap Initial Capacity: 100M
 Heap Max Capacity: 2G
 Pre-touch: Disabled
 Parallel Workers: 13
Heap:
 PSYoungGen      total 20480K, used 17845K [0x00000000d5580000, 0x00000000d6c80000, 0x0000000100000000)
  eden space 18944K, 87% used [0x00000000d5580000,0x00000000d65af360,0x00000000d6800000)
  from space 1536K, 82% used [0x00000000d6b00000,0x00000000d6c3e490,0x00000000d6c80000)
  to   space 1536K, 0% used [0x00000000d6900000,0x00000000d6900000,0x00000000d6a80000)
 ParOldGen       total 68608K, used 34471K [0x0000000080000000, 0x0000000084300000, 0x00000000d5580000)
  object space 68608K, 50% used [0x0000000080000000,0x00000000821a9c08,0x0000000084300000)
 Metaspace       used 43247K, committed 44288K, reserved 1114112K
  class space    used 4378K, committed 4800K, reserved 1048576K
GC Heap History (20 events):
Event: 23.165 GC heap before
{Heap before GC invocations=15 (full 2):
 PSYoungGen      total 24576K, used 24448K [0x00000000d5580000, 0x00000000d7200000, 0x0000000100000000)
  eden space 22528K, 100% used [0x00000000d5580000,0x00000000d6b80000,0x00000000d6b80000)
  from space 2048K, 93% used [0x00000000d7000000,0x00000000d71e0010,0x00000000d7200000)
  to   space 2560K, 0% used [0x00000000d6d00000,0x00000000d6d00000,0x00000000d6f80000)
 ParOldGen       total 68608K, used 15930K [0x0000000080000000, 0x0000000084300000, 0x00000000d5580000)
  object space 68608K, 23% used [0x0000000080000000,0x0000000080f8eb40,0x0000000084300000)
 Metaspace       used 35632K, committed 36608K, reserved 1114112K
  class space    used 3708K, committed 4160K, reserved 1048576K
}
Event: 23.169 GC heap after
{Heap after GC invocations=15 (full 2):
 PSYoungGen      total 24576K, used 2402K [0x00000000d5580000, 0x00000000d7080000, 0x0000000100000000)
  eden space 22016K, 0% used [0x00000000d5580000,0x00000000d5580000,0x00000000d6b00000)
  from space 2560K, 93% used [0x00000000d6d00000,0x00000000d6f58830,0x00000000d6f80000)
  to   space 1024K, 0% used [0x00000000d6f80000,0x00000000d6f80000,0x00000000d7080000)
 ParOldGen       total 68608K, used 17626K [0x0000000080000000, 0x0000000084300000, 0x00000000d5580000)
  object space 68608K, 25% used [0x0000000080000000,0x0000000081136b50,0x0000000084300000)
 Metaspace       used 35632K, committed 36608K, reserved 1114112K
  class space    used 3708K, committed 4160K, reserved 1048576K
}
Event: 23.248 GC heap before
{Heap before GC invocations=16 (full 2):
 PSYoungGen      total 24576K, used 24418K [0x00000000d5580000, 0x00000000d7080000, 0x0000000100000000)
  eden space 22016K, 100% used [0x00000000d5580000,0x00000000d6b00000,0x00000000d6b00000)
  from space 2560K, 93% used [0x00000000d6d00000,0x00000000d6f58830,0x00000000d6f80000)
  to   space 1024K, 0% used [0x00000000d6f80000,0x00000000d6f80000,0x00000000d7080000)
 ParOldGen       total 68608K, used 17626K [0x0000000080000000, 0x0000000084300000, 0x00000000d5580000)
  object space 68608K, 25% used [0x0000000080000000,0x0000000081136b50,0x0000000084300000)
 Metaspace       used 35741K, committed 36736K, reserved 1114112K
  class space    used 3715K, committed 4160K, reserved 1048576K
}
Event: 23.252 GC heap after
{Heap after GC invocations=16 (full 2):
 PSYoungGen      total 23040K, used 992K [0x00000000d5580000, 0x00000000d7400000, 0x0000000100000000)
  eden space 22016K, 0% used [0x00000000d5580000,0x00000000d5580000,0x00000000d6b00000)
  from space 1024K, 96% used [0x00000000d6f80000,0x00000000d7078020,0x00000000d7080000)
  to   space 4608K, 0% used [0x00000000d6b00000,0x00000000d6b00000,0x00000000d6f80000)
 ParOldGen       total 68608K, used 20748K [0x0000000080000000, 0x0000000084300000, 0x00000000d5580000)
  object space 68608K, 30% used [0x0000000080000000,0x0000000081443380,0x0000000084300000)
 Metaspace       used 35741K, committed 36736K, reserved 1114112K
  class space    used 3715K, committed 4160K, reserved 1048576K
}
Event: 23.347 GC heap before
{Heap before GC invocations=17 (full 2):
 PSYoungGen      total 23040K, used 23008K [0x00000000d5580000, 0x00000000d7400000, 0x0000000100000000)
  eden space 22016K, 100% used [0x00000000d5580000,0x00000000d6b00000,0x00000000d6b00000)
  from space 1024K, 96% used [0x00000000d6f80000,0x00000000d7078020,0x00000000d7080000)
  to   space 4608K, 0% used [0x00000000d6b00000,0x00000000d6b00000,0x00000000d6f80000)
 ParOldGen       total 68608K, used 20748K [0x0000000080000000, 0x0000000084300000, 0x00000000d5580000)
  object space 68608K, 30% used [0x0000000080000000,0x0000000081443380,0x0000000084300000)
 Metaspace       used 35944K, committed 36928K, reserved 1114112K
  class space    used 3724K, committed 4160K, reserved 1048576K
}
Event: 23.350 GC heap after
{Heap after GC invocations=17 (full 2):
 PSYoungGen      total 24576K, used 2358K [0x00000000d5580000, 0x00000000d7100000, 0x0000000100000000)
  eden space 22016K, 0% used [0x00000000d5580000,0x00000000d5580000,0x00000000d6b00000)
  from space 2560K, 92% used [0x00000000d6b00000,0x00000000d6d4d860,0x00000000d6d80000)
  to   space 3072K, 0% used [0x00000000d6e00000,0x00000000d6e00000,0x00000000d7100000)
 ParOldGen       total 68608K, used 21660K [0x0000000080000000, 0x0000000084300000, 0x00000000d5580000)
  object space 68608K, 31% used [0x0000000080000000,0x0000000081527390,0x0000000084300000)
 Metaspace       used 35944K, committed 36928K, reserved 1114112K
  class space    used 3724K, committed 4160K, reserved 1048576K
}
Event: 23.430 GC heap before
{Heap before GC invocations=18 (full 2):
 PSYoungGen      total 24576K, used 24374K [0x00000000d5580000, 0x00000000d7100000, 0x0000000100000000)
  eden space 22016K, 100% used [0x00000000d5580000,0x00000000d6b00000,0x00000000d6b00000)
  from space 2560K, 92% used [0x00000000d6b00000,0x00000000d6d4d860,0x00000000d6d80000)
  to   space 3072K, 0% used [0x00000000d6e00000,0x00000000d6e00000,0x00000000d7100000)
 ParOldGen       total 68608K, used 21660K [0x0000000080000000, 0x0000000084300000, 0x00000000d5580000)
  object space 68608K, 31% used [0x0000000080000000,0x0000000081527390,0x0000000084300000)
 Metaspace       used 36046K, committed 36992K, reserved 1114112K
  class space    used 3736K, committed 4160K, reserved 1048576K
}
Event: 23.434 GC heap after
{Heap after GC invocations=18 (full 2):
 PSYoungGen      total 24064K, used 1952K [0x00000000d5580000, 0x00000000d7000000, 0x0000000100000000)
  eden space 22016K, 0% used [0x00000000d5580000,0x00000000d5580000,0x00000000d6b00000)
  from space 2048K, 95% used [0x00000000d6e00000,0x00000000d6fe8000,0x00000000d7000000)
  to   space 2560K, 0% used [0x00000000d6b00000,0x00000000d6b00000,0x00000000d6d80000)
 ParOldGen       total 68608K, used 23769K [0x0000000080000000, 0x0000000084300000, 0x00000000d5580000)
  object space 68608K, 34% used [0x0000000080000000,0x0000000081736570,0x0000000084300000)
 Metaspace       used 36046K, committed 36992K, reserved 1114112K
  class space    used 3736K, committed 4160K, reserved 1048576K
}
Event: 23.541 GC heap before
{Heap before GC invocations=19 (full 2):
 PSYoungGen      total 24064K, used 23968K [0x00000000d5580000, 0x00000000d7000000, 0x0000000100000000)
  eden space 22016K, 100% used [0x00000000d5580000,0x00000000d6b00000,0x00000000d6b00000)
  from space 2048K, 95% used [0x00000000d6e00000,0x00000000d6fe8000,0x00000000d7000000)
  to   space 2560K, 0% used [0x00000000d6b00000,0x00000000d6b00000,0x00000000d6d80000)
 ParOldGen       total 68608K, used 23769K [0x0000000080000000, 0x0000000084300000, 0x00000000d5580000)
  object space 68608K, 34% used [0x0000000080000000,0x0000000081736570,0x0000000084300000)
 Metaspace       used 36200K, committed 37120K, reserved 1114112K
  class space    used 3754K, committed 4160K, reserved 1048576K
}
Event: 23.544 GC heap after
{Heap after GC invocations=19 (full 2):
 PSYoungGen      total 24064K, used 2016K [0x00000000d5580000, 0x00000000d6f00000, 0x0000000100000000)
  eden space 22016K, 0% used [0x00000000d5580000,0x00000000d5580000,0x00000000d6b00000)
  from space 2048K, 98% used [0x00000000d6b00000,0x00000000d6cf8010,0x00000000d6d00000)
  to   space 2048K, 0% used [0x00000000d6d00000,0x00000000d6d00000,0x00000000d6f00000)
 ParOldGen       total 68608K, used 25529K [0x0000000080000000, 0x0000000084300000, 0x00000000d5580000)
  object space 68608K, 37% used [0x0000000080000000,0x00000000818ee570,0x0000000084300000)
 Metaspace       used 36200K, committed 37120K, reserved 1114112K
  class space    used 3754K, committed 4160K, reserved 1048576K
}
Event: 23.632 GC heap before
{Heap before GC invocations=20 (full 2):
 PSYoungGen      total 24064K, used 24032K [0x00000000d5580000, 0x00000000d6f00000, 0x0000000100000000)
  eden space 22016K, 100% used [0x00000000d5580000,0x00000000d6b00000,0x00000000d6b00000)
  from space 2048K, 98% used [0x00000000d6b00000,0x00000000d6cf8010,0x00000000d6d00000)
  to   space 2048K, 0% used [0x00000000d6d00000,0x00000000d6d00000,0x00000000d6f00000)
 ParOldGen       total 68608K, used 25529K [0x0000000080000000, 0x0000000084300000, 0x00000000d5580000)
  object space 68608K, 37% used [0x0000000080000000,0x00000000818ee570,0x0000000084300000)
 Metaspace       used 36521K, committed 37504K, reserved 1114112K
  class space    used 3777K, committed 4224K, reserved 1048576K
}
Event: 23.636 GC heap after
{Heap after GC invocations=20 (full 2):
 PSYoungGen      total 20992K, used 2029K [0x00000000d5580000, 0x00000000d7500000, 0x0000000100000000)
  eden space 18944K, 0% used [0x00000000d5580000,0x00000000d5580000,0x00000000d6800000)
  from space 2048K, 99% used [0x00000000d6d00000,0x00000000d6efb520,0x00000000d6f00000)
  to   space 5120K, 0% used [0x00000000d6800000,0x00000000d6800000,0x00000000d6d00000)
 ParOldGen       total 68608K, used 27897K [0x0000000080000000, 0x0000000084300000, 0x00000000d5580000)
  object space 68608K, 40% used [0x0000000080000000,0x0000000081b3e790,0x0000000084300000)
 Metaspace       used 36521K, committed 37504K, reserved 1114112K
  class space    used 3777K, committed 4224K, reserved 1048576K
}
Event: 23.980 GC heap before
{Heap before GC invocations=21 (full 2):
 PSYoungGen      total 20992K, used 20973K [0x00000000d5580000, 0x00000000d7500000, 0x0000000100000000)
  eden space 18944K, 100% used [0x00000000d5580000,0x00000000d6800000,0x00000000d6800000)
  from space 2048K, 99% used [0x00000000d6d00000,0x00000000d6efb520,0x00000000d6f00000)
  to   space 5120K, 0% used [0x00000000d6800000,0x00000000d6800000,0x00000000d6d00000)
 ParOldGen       total 68608K, used 27897K [0x0000000080000000, 0x0000000084300000, 0x00000000d5580000)
  object space 68608K, 40% used [0x0000000080000000,0x0000000081b3e790,0x0000000084300000)
 Metaspace       used 37911K, committed 38912K, reserved 1114112K
  class space    used 3892K, committed 4352K, reserved 1048576K
}
Event: 23.985 GC heap after
{Heap after GC invocations=21 (full 2):
 PSYoungGen      total 22528K, used 3272K [0x00000000d5580000, 0x00000000d7000000, 0x0000000100000000)
  eden space 18944K, 0% used [0x00000000d5580000,0x00000000d5580000,0x00000000d6800000)
  from space 3584K, 91% used [0x00000000d6800000,0x00000000d6b32000,0x00000000d6b80000)
  to   space 4096K, 0% used [0x00000000d6c00000,0x00000000d6c00000,0x00000000d7000000)
 ParOldGen       total 68608K, used 29863K [0x0000000080000000, 0x0000000084300000, 0x00000000d5580000)
  object space 68608K, 43% used [0x0000000080000000,0x0000000081d29ca0,0x0000000084300000)
 Metaspace       used 37911K, committed 38912K, reserved 1114112K
  class space    used 3892K, committed 4352K, reserved 1048576K
}
Event: 24.082 GC heap before
{Heap before GC invocations=22 (full 2):
 PSYoungGen      total 22528K, used 22213K [0x00000000d5580000, 0x00000000d7000000, 0x0000000100000000)
  eden space 18944K, 99% used [0x00000000d5580000,0x00000000d67ff550,0x00000000d6800000)
  from space 3584K, 91% used [0x00000000d6800000,0x00000000d6b32000,0x00000000d6b80000)
  to   space 4096K, 0% used [0x00000000d6c00000,0x00000000d6c00000,0x00000000d7000000)
 ParOldGen       total 68608K, used 29863K [0x0000000080000000, 0x0000000084300000, 0x00000000d5580000)
  object space 68608K, 43% used [0x0000000080000000,0x0000000081d29ca0,0x0000000084300000)
 Metaspace       used 38504K, committed 39488K, reserved 1114112K
  class space    used 3935K, committed 4352K, reserved 1048576K
}
Event: 24.086 GC heap after
{Heap after GC invocations=22 (full 2):
 PSYoungGen      total 20992K, used 1762K [0x00000000d5580000, 0x00000000d6e00000, 0x0000000100000000)
  eden space 18944K, 0% used [0x00000000d5580000,0x00000000d5580000,0x00000000d6800000)
  from space 2048K, 86% used [0x00000000d6c00000,0x00000000d6db8b40,0x00000000d6e00000)
  to   space 2560K, 0% used [0x00000000d6900000,0x00000000d6900000,0x00000000d6b80000)
 ParOldGen       total 68608K, used 32941K [0x0000000080000000, 0x0000000084300000, 0x00000000d5580000)
  object space 68608K, 48% used [0x0000000080000000,0x000000008202b580,0x0000000084300000)
 Metaspace       used 38504K, committed 39488K, reserved 1114112K
  class space    used 3935K, committed 4352K, reserved 1048576K
}
Event: 24.147 GC heap before
{Heap before GC invocations=23 (full 2):
 PSYoungGen      total 20992K, used 20706K [0x00000000d5580000, 0x00000000d6e00000, 0x0000000100000000)
  eden space 18944K, 100% used [0x00000000d5580000,0x00000000d6800000,0x00000000d6800000)
  from space 2048K, 86% used [0x00000000d6c00000,0x00000000d6db8b40,0x00000000d6e00000)
  to   space 2560K, 0% used [0x00000000d6900000,0x00000000d6900000,0x00000000d6b80000)
 ParOldGen       total 68608K, used 32941K [0x0000000080000000, 0x0000000084300000, 0x00000000d5580000)
  object space 68608K, 48% used [0x0000000080000000,0x000000008202b580,0x0000000084300000)
 Metaspace       used 38773K, committed 39744K, reserved 1114112K
  class space    used 3959K, committed 4416K, reserved 1048576K
}
Event: 24.149 GC heap after
{Heap after GC invocations=23 (full 2):
 PSYoungGen      total 20480K, used 1034K [0x00000000d5580000, 0x00000000d6c80000, 0x0000000100000000)
  eden space 18944K, 0% used [0x00000000d5580000,0x00000000d5580000,0x00000000d6800000)
  from space 1536K, 67% used [0x00000000d6900000,0x00000000d6a02b40,0x00000000d6a80000)
  to   space 1536K, 0% used [0x00000000d6b00000,0x00000000d6b00000,0x00000000d6c80000)
 ParOldGen       total 68608K, used 33601K [0x0000000080000000, 0x0000000084300000, 0x00000000d5580000)
  object space 68608K, 48% used [0x0000000080000000,0x00000000820d06f8,0x0000000084300000)
 Metaspace       used 38773K, committed 39744K, reserved 1114112K
  class space    used 3959K, committed 4416K, reserved 1048576K
}
Event: 24.782 GC heap before
{Heap before GC invocations=24 (full 2):
 PSYoungGen      total 20480K, used 19978K [0x00000000d5580000, 0x00000000d6c80000, 0x0000000100000000)
  eden space 18944K, 100% used [0x00000000d5580000,0x00000000d6800000,0x00000000d6800000)
  from space 1536K, 67% used [0x00000000d6900000,0x00000000d6a02b40,0x00000000d6a80000)
  to   space 1536K, 0% used [0x00000000d6b00000,0x00000000d6b00000,0x00000000d6c80000)
 ParOldGen       total 68608K, used 33601K [0x0000000080000000, 0x0000000084300000, 0x00000000d5580000)
  object space 68608K, 48% used [0x0000000080000000,0x00000000820d06f8,0x0000000084300000)
 Metaspace       used 41440K, committed 42432K, reserved 1114112K
  class space    used 4193K, committed 4608K, reserved 1048576K
}
Event: 24.785 GC heap after
{Heap after GC invocations=24 (full 2):
 PSYoungGen      total 20480K, used 1273K [0x00000000d5580000, 0x00000000d6c80000, 0x0000000100000000)
  eden space 18944K, 0% used [0x00000000d5580000,0x00000000d5580000,0x00000000d6800000)
  from space 1536K, 82% used [0x00000000d6b00000,0x00000000d6c3e490,0x00000000d6c80000)
  to   space 1536K, 0% used [0x00000000d6900000,0x00000000d6900000,0x00000000d6a80000)
 ParOldGen       total 68608K, used 34471K [0x0000000080000000, 0x0000000084300000, 0x00000000d5580000)
  object space 68608K, 50% used [0x0000000080000000,0x00000000821a9c08,0x0000000084300000)
 Metaspace       used 41440K, committed 42432K, reserved 1114112K
  class space    used 4193K, committed 4608K, reserved 1048576K
}

