# JRE version: OpenJDK Runtime Environment Temurin-21.0.11+10 (21.0.11+10) (build 21.0.11+10-LTS)
# Java VM: OpenJDK 64-Bit Server VM Temurin-21.0.11+10 (21.0.11+10-LTS, mixed mode, sharing, tiered, compressed oops, compressed class ptrs, parallel gc, windows-amd64)
GC Precious Log:
 CardTable entry size: 512
 CPUs: 16 total, 16 available
 Memory: 8010M
 Large Page Support: Disabled
 NUMA Support: Disabled
 Compressed Oops: Enabled (32-bit)
 Alignments: Space 512K, Generation 512K, Heap 2M
 Heap Min Capacity: 100M
 Heap Initial Capacity: 100M
 Heap Max Capacity: 2G
 Pre-touch: Disabled
 Parallel Workers: 13
Heap:
 PSYoungGen      total 6144K, used 4840K [0x00000000d5580000, 0x00000000d5c80000, 0x0000000100000000)
  eden space 5120K, 80% used [0x00000000d5580000,0x00000000d59822c0,0x00000000d5a80000)
  from space 1024K, 71% used [0x00000000d5b80000,0x00000000d5c38000,0x00000000d5c80000)
  to   space 1024K, 0% used [0x00000000d5a80000,0x00000000d5a80000,0x00000000d5b80000)
 ParOldGen       total 409088K, used 408775K [0x0000000080000000, 0x0000000098f80000, 0x00000000d5580000)
  object space 409088K, 99% used [0x0000000080000000,0x0000000098f31d60,0x0000000098f80000)
 Metaspace       used 59469K, committed 60864K, reserved 1114112K
  class space    used 6398K, committed 6976K, reserved 1048576K
GC Heap History (20 events):
Event: 53.209 GC heap before
{Heap before GC invocations=515 (full 4):
 PSYoungGen      total 6144K, used 5848K [0x00000000d5580000, 0x00000000d5c80000, 0x0000000100000000)
  eden space 5120K, 99% used [0x00000000d5580000,0x00000000d5a76048,0x00000000d5a80000)
  from space 1024K, 75% used [0x00000000d5a80000,0x00000000d5b40000,0x00000000d5b80000)
  to   space 1024K, 0% used [0x00000000d5b80000,0x00000000d5b80000,0x00000000d5c80000)
 ParOldGen       total 401920K, used 401898K [0x0000000080000000, 0x0000000098880000, 0x00000000d5580000)
  object space 401920K, 99% used [0x0000000080000000,0x000000009887ab30,0x0000000098880000)
 Metaspace       used 59469K, committed 60864K, reserved 1114112K
  class space    used 6398K, committed 6976K, reserved 1048576K
}
Event: 53.212 GC heap after
{Heap after GC invocations=515 (full 4):
 PSYoungGen      total 6144K, used 862K [0x00000000d5580000, 0x00000000d5c80000, 0x0000000100000000)
  eden space 5120K, 0% used [0x00000000d5580000,0x00000000d5580000,0x00000000d5a80000)
  from space 1024K, 84% used [0x00000000d5b80000,0x00000000d5c57be0,0x00000000d5c80000)
  to   space 1024K, 0% used [0x00000000d5a80000,0x00000000d5a80000,0x00000000d5b80000)
 ParOldGen       total 402944K, used 402522K [0x0000000080000000, 0x0000000098980000, 0x00000000d5580000)
  object space 402944K, 99% used [0x0000000080000000,0x0000000098916b30,0x0000000098980000)
 Metaspace       used 59469K, committed 60864K, reserved 1114112K
  class space    used 6398K, committed 6976K, reserved 1048576K
}
Event: 53.242 GC heap before
{Heap before GC invocations=516 (full 4):
 PSYoungGen      total 6144K, used 5982K [0x00000000d5580000, 0x00000000d5c80000, 0x0000000100000000)
  eden space 5120K, 100% used [0x00000000d5580000,0x00000000d5a80000,0x00000000d5a80000)
  from space 1024K, 84% used [0x00000000d5b80000,0x00000000d5c57be0,0x00000000d5c80000)
  to   space 1024K, 0% used [0x00000000d5a80000,0x00000000d5a80000,0x00000000d5b80000)
 ParOldGen       total 402944K, used 402522K [0x0000000080000000, 0x0000000098980000, 0x00000000d5580000)
  object space 402944K, 99% used [0x0000000080000000,0x0000000098916b30,0x0000000098980000)
 Metaspace       used 59469K, committed 60864K, reserved 1114112K
  class space    used 6398K, committed 6976K, reserved 1048576K
}
Event: 53.245 GC heap after
{Heap after GC invocations=516 (full 4):
 PSYoungGen      total 6144K, used 748K [0x00000000d5580000, 0x00000000d5c80000, 0x0000000100000000)
  eden space 5120K, 0% used [0x00000000d5580000,0x00000000d5580000,0x00000000d5a80000)
  from space 1024K, 73% used [0x00000000d5a80000,0x00000000d5b3b008,0x00000000d5b80000)
  to   space 1024K, 0% used [0x00000000d5b80000,0x00000000d5b80000,0x00000000d5c80000)
 ParOldGen       total 403456K, used 403162K [0x0000000080000000, 0x0000000098a00000, 0x00000000d5580000)
  object space 403456K, 99% used [0x0000000080000000,0x00000000989b6b30,0x0000000098a00000)
 Metaspace       used 59469K, committed 60864K, reserved 1114112K
  class space    used 6398K, committed 6976K, reserved 1048576K
}
Event: 53.274 GC heap before
{Heap before GC invocations=517 (full 4):
 PSYoungGen      total 6144K, used 5868K [0x00000000d5580000, 0x00000000d5c80000, 0x0000000100000000)
  eden space 5120K, 100% used [0x00000000d5580000,0x00000000d5a80000,0x00000000d5a80000)
  from space 1024K, 73% used [0x00000000d5a80000,0x00000000d5b3b008,0x00000000d5b80000)
  to   space 1024K, 0% used [0x00000000d5b80000,0x00000000d5b80000,0x00000000d5c80000)
 ParOldGen       total 403456K, used 403162K [0x0000000080000000, 0x0000000098a00000, 0x00000000d5580000)
  object space 403456K, 99% used [0x0000000080000000,0x00000000989b6b30,0x0000000098a00000)
 Metaspace       used 59469K, committed 60864K, reserved 1114112K
  class space    used 6398K, committed 6976K, reserved 1048576K
}
Event: 53.277 GC heap after
{Heap after GC invocations=517 (full 4):
 PSYoungGen      total 6144K, used 704K [0x00000000d5580000, 0x00000000d5c80000, 0x0000000100000000)
  eden space 5120K, 0% used [0x00000000d5580000,0x00000000d5580000,0x00000000d5a80000)
  from space 1024K, 68% used [0x00000000d5b80000,0x00000000d5c30000,0x00000000d5c80000)
  to   space 1024K, 0% used [0x00000000d5a80000,0x00000000d5a80000,0x00000000d5b80000)
 ParOldGen       total 403968K, used 403846K [0x0000000080000000, 0x0000000098a80000, 0x00000000d5580000)
  object space 403968K, 99% used [0x0000000080000000,0x0000000098a61b38,0x0000000098a80000)
 Metaspace       used 59469K, committed 60864K, reserved 1114112K
  class space    used 6398K, committed 6976K, reserved 1048576K
}
Event: 53.310 GC heap before
{Heap before GC invocations=518 (full 4):
 PSYoungGen      total 6144K, used 5820K [0x00000000d5580000, 0x00000000d5c80000, 0x0000000100000000)
  eden space 5120K, 99% used [0x00000000d5580000,0x00000000d5a7f368,0x00000000d5a80000)
  from space 1024K, 68% used [0x00000000d5b80000,0x00000000d5c30000,0x00000000d5c80000)
  to   space 1024K, 0% used [0x00000000d5a80000,0x00000000d5a80000,0x00000000d5b80000)
 ParOldGen       total 403968K, used 403846K [0x0000000080000000, 0x0000000098a80000, 0x00000000d5580000)
  object space 403968K, 99% used [0x0000000080000000,0x0000000098a61b38,0x0000000098a80000)
 Metaspace       used 59469K, committed 60864K, reserved 1114112K
  class space    used 6398K, committed 6976K, reserved 1048576K
}
Event: 53.313 GC heap after
{Heap after GC invocations=518 (full 4):
 PSYoungGen      total 6144K, used 704K [0x00000000d5580000, 0x00000000d5c80000, 0x0000000100000000)
  eden space 5120K, 0% used [0x00000000d5580000,0x00000000d5580000,0x00000000d5a80000)
  from space 1024K, 68% used [0x00000000d5a80000,0x00000000d5b30000,0x00000000d5b80000)
  to   space 1024K, 0% used [0x00000000d5b80000,0x00000000d5b80000,0x00000000d5c80000)
 ParOldGen       total 404480K, used 404390K [0x0000000080000000, 0x0000000098b00000, 0x00000000d5580000)
  object space 404480K, 99% used [0x0000000080000000,0x0000000098ae9b38,0x0000000098b00000)
 Metaspace       used 59469K, committed 60864K, reserved 1114112K
  class space    used 6398K, committed 6976K, reserved 1048576K
}
Event: 53.348 GC heap before
{Heap before GC invocations=519 (full 4):
 PSYoungGen      total 6144K, used 5824K [0x00000000d5580000, 0x00000000d5c80000, 0x0000000100000000)
  eden space 5120K, 100% used [0x00000000d5580000,0x00000000d5a80000,0x00000000d5a80000)
  from space 1024K, 68% used [0x00000000d5a80000,0x00000000d5b30000,0x00000000d5b80000)
  to   space 1024K, 0% used [0x00000000d5b80000,0x00000000d5b80000,0x00000000d5c80000)
 ParOldGen       total 404480K, used 404390K [0x0000000080000000, 0x0000000098b00000, 0x00000000d5580000)
  object space 404480K, 99% used [0x0000000080000000,0x0000000098ae9b38,0x0000000098b00000)
 Metaspace       used 59469K, committed 60864K, reserved 1114112K
  class space    used 6398K, committed 6976K, reserved 1048576K
}
Event: 53.351 GC heap after
{Heap after GC invocations=519 (full 4):
 PSYoungGen      total 6144K, used 736K [0x00000000d5580000, 0x00000000d5c80000, 0x0000000100000000)
  eden space 5120K, 0% used [0x00000000d5580000,0x00000000d5580000,0x00000000d5a80000)
  from space 1024K, 71% used [0x00000000d5b80000,0x00000000d5c38000,0x00000000d5c80000)
  to   space 1024K, 0% used [0x00000000d5a80000,0x00000000d5a80000,0x00000000d5b80000)
 ParOldGen       total 404992K, used 404964K [0x0000000080000000, 0x0000000098b80000, 0x00000000d5580000)
  object space 404992K, 99% used [0x0000000080000000,0x0000000098b79148,0x0000000098b80000)
 Metaspace       used 59469K, committed 60864K, reserved 1114112K
  class space    used 6398K, committed 6976K, reserved 1048576K
}
Event: 53.387 GC heap before
{Heap before GC invocations=520 (full 4):
 PSYoungGen      total 6144K, used 5856K [0x00000000d5580000, 0x00000000d5c80000, 0x0000000100000000)
  eden space 5120K, 100% used [0x00000000d5580000,0x00000000d5a80000,0x00000000d5a80000)
  from space 1024K, 71% used [0x00000000d5b80000,0x00000000d5c38000,0x00000000d5c80000)
  to   space 1024K, 0% used [0x00000000d5a80000,0x00000000d5a80000,0x00000000d5b80000)
 ParOldGen       total 404992K, used 404964K [0x0000000080000000, 0x0000000098b80000, 0x00000000d5580000)
  object space 404992K, 99% used [0x0000000080000000,0x0000000098b79148,0x0000000098b80000)
 Metaspace       used 59469K, committed 60864K, reserved 1114112K
  class space    used 6398K, committed 6976K, reserved 1048576K
}
Event: 53.390 GC heap after
{Heap after GC invocations=520 (full 4):
 PSYoungGen      total 6144K, used 832K [0x00000000d5580000, 0x00000000d5c80000, 0x0000000100000000)
  eden space 5120K, 0% used [0x00000000d5580000,0x00000000d5580000,0x00000000d5a80000)
  from space 1024K, 81% used [0x00000000d5a80000,0x00000000d5b50000,0x00000000d5b80000)
  to   space 1024K, 0% used [0x00000000d5b80000,0x00000000d5b80000,0x00000000d5c80000)
 ParOldGen       total 406016K, used 405548K [0x0000000080000000, 0x0000000098c80000, 0x00000000d5580000)
  object space 406016K, 99% used [0x0000000080000000,0x0000000098c0b148,0x0000000098c80000)
 Metaspace       used 59469K, committed 60864K, reserved 1114112K
  class space    used 6398K, committed 6976K, reserved 1048576K
}
Event: 53.429 GC heap before
{Heap before GC invocations=521 (full 4):
 PSYoungGen      total 6144K, used 5952K [0x00000000d5580000, 0x00000000d5c80000, 0x0000000100000000)
  eden space 5120K, 100% used [0x00000000d5580000,0x00000000d5a80000,0x00000000d5a80000)
  from space 1024K, 81% used [0x00000000d5a80000,0x00000000d5b50000,0x00000000d5b80000)
  to   space 1024K, 0% used [0x00000000d5b80000,0x00000000d5b80000,0x00000000d5c80000)
 ParOldGen       total 406016K, used 405548K [0x0000000080000000, 0x0000000098c80000, 0x00000000d5580000)
  object space 406016K, 99% used [0x0000000080000000,0x0000000098c0b148,0x0000000098c80000)
 Metaspace       used 59469K, committed 60864K, reserved 1114112K
  class space    used 6398K, committed 6976K, reserved 1048576K
}
Event: 53.433 GC heap after
{Heap after GC invocations=521 (full 4):
 PSYoungGen      total 6144K, used 888K [0x00000000d5580000, 0x00000000d5c80000, 0x0000000100000000)
  eden space 5120K, 0% used [0x00000000d5580000,0x00000000d5580000,0x00000000d5a80000)
  from space 1024K, 86% used [0x00000000d5b80000,0x00000000d5c5e008,0x00000000d5c80000)
  to   space 1024K, 0% used [0x00000000d5a80000,0x00000000d5a80000,0x00000000d5b80000)
 ParOldGen       total 406528K, used 406204K [0x0000000080000000, 0x0000000098d00000, 0x00000000d5580000)
  object space 406528K, 99% used [0x0000000080000000,0x0000000098caf148,0x0000000098d00000)
 Metaspace       used 59469K, committed 60864K, reserved 1114112K
  class space    used 6398K, committed 6976K, reserved 1048576K
}
Event: 53.467 GC heap before
{Heap before GC invocations=522 (full 4):
 PSYoungGen      total 6144K, used 6008K [0x00000000d5580000, 0x00000000d5c80000, 0x0000000100000000)
  eden space 5120K, 100% used [0x00000000d5580000,0x00000000d5a80000,0x00000000d5a80000)
  from space 1024K, 86% used [0x00000000d5b80000,0x00000000d5c5e008,0x00000000d5c80000)
  to   space 1024K, 0% used [0x00000000d5a80000,0x00000000d5a80000,0x00000000d5b80000)
 ParOldGen       total 406528K, used 406204K [0x0000000080000000, 0x0000000098d00000, 0x00000000d5580000)
  object space 406528K, 99% used [0x0000000080000000,0x0000000098caf148,0x0000000098d00000)
 Metaspace       used 59469K, committed 60864K, reserved 1114112K
  class space    used 6398K, committed 6976K, reserved 1048576K
}
Event: 53.469 GC heap after
{Heap after GC invocations=522 (full 4):
 PSYoungGen      total 6144K, used 800K [0x00000000d5580000, 0x00000000d5c80000, 0x0000000100000000)
  eden space 5120K, 0% used [0x00000000d5580000,0x00000000d5580000,0x00000000d5a80000)
  from space 1024K, 78% used [0x00000000d5a80000,0x00000000d5b48000,0x00000000d5b80000)
  to   space 1024K, 0% used [0x00000000d5b80000,0x00000000d5b80000,0x00000000d5c80000)
 ParOldGen       total 407040K, used 406940K [0x0000000080000000, 0x0000000098d80000, 0x00000000d5580000)
  object space 407040K, 99% used [0x0000000080000000,0x0000000098d67150,0x0000000098d80000)
 Metaspace       used 59469K, committed 60864K, reserved 1114112K
  class space    used 6398K, committed 6976K, reserved 1048576K
}
Event: 53.501 GC heap before
{Heap before GC invocations=523 (full 4):
 PSYoungGen      total 6144K, used 5920K [0x00000000d5580000, 0x00000000d5c80000, 0x0000000100000000)
  eden space 5120K, 100% used [0x00000000d5580000,0x00000000d5a80000,0x00000000d5a80000)
  from space 1024K, 78% used [0x00000000d5a80000,0x00000000d5b48000,0x00000000d5b80000)
  to   space 1024K, 0% used [0x00000000d5b80000,0x00000000d5b80000,0x00000000d5c80000)
 ParOldGen       total 407040K, used 406940K [0x0000000080000000, 0x0000000098d80000, 0x00000000d5580000)
  object space 407040K, 99% used [0x0000000080000000,0x0000000098d67150,0x0000000098d80000)
 Metaspace       used 59469K, committed 60864K, reserved 1114112K
  class space    used 6398K, committed 6976K, reserved 1048576K
}
Event: 53.504 GC heap after
{Heap after GC invocations=523 (full 4):
 PSYoungGen      total 6144K, used 800K [0x00000000d5580000, 0x00000000d5c80000, 0x0000000100000000)
  eden space 5120K, 0% used [0x00000000d5580000,0x00000000d5580000,0x00000000d5a80000)
  from space 1024K, 78% used [0x00000000d5b80000,0x00000000d5c48000,0x00000000d5c80000)
  to   space 1024K, 0% used [0x00000000d5a80000,0x00000000d5a80000,0x00000000d5b80000)
 ParOldGen       total 407552K, used 407540K [0x0000000080000000, 0x0000000098e00000, 0x00000000d5580000)
  object space 407552K, 99% used [0x0000000080000000,0x0000000098dfd150,0x0000000098e00000)
 Metaspace       used 59469K, committed 60864K, reserved 1114112K
  class space    used 6398K, committed 6976K, reserved 1048576K
}
Event: 53.532 GC heap before
{Heap before GC invocations=524 (full 4):
 PSYoungGen      total 6144K, used 5920K [0x00000000d5580000, 0x00000000d5c80000, 0x0000000100000000)
  eden space 5120K, 100% used [0x00000000d5580000,0x00000000d5a80000,0x00000000d5a80000)
  from space 1024K, 78% used [0x00000000d5b80000,0x00000000d5c48000,0x00000000d5c80000)
  to   space 1024K, 0% used [0x00000000d5a80000,0x00000000d5a80000,0x00000000d5b80000)
 ParOldGen       total 407552K, used 407540K [0x0000000080000000, 0x0000000098e00000, 0x00000000d5580000)
  object space 407552K, 99% used [0x0000000080000000,0x0000000098dfd150,0x0000000098e00000)
 Metaspace       used 59469K, committed 60864K, reserved 1114112K
  class space    used 6398K, committed 6976K, reserved 1048576K
}
Event: 53.537 GC heap after
{Heap after GC invocations=524 (full 4):
 PSYoungGen      total 6144K, used 672K [0x00000000d5580000, 0x00000000d5c80000, 0x0000000100000000)
  eden space 5120K, 0% used [0x00000000d5580000,0x00000000d5580000,0x00000000d5a80000)
  from space 1024K, 65% used [0x00000000d5a80000,0x00000000d5b28000,0x00000000d5b80000)
  to   space 1024K, 0% used [0x00000000d5b80000,0x00000000d5b80000,0x00000000d5c80000)
 ParOldGen       total 408576K, used 408172K [0x0000000080000000, 0x0000000098f00000, 0x00000000d5580000)
  object space 408576K, 99% used [0x0000000080000000,0x0000000098e9b150,0x0000000098f00000)
 Metaspace       used 59469K, committed 60864K, reserved 1114112K
  class space    used 6398K, committed 6976K, reserved 1048576K
}

